|Running console...
ERROR grails.ui.console.GrailsSwingConsole - Application startup failed
org.springframework.beans.factory.BeanCreationException: Error creating bean with name 'transactionManagerPostProcessor': Initialization of bean failed; nested exception is org.springframework.beans.factory.BeanCreationException: Error creating bean with name 'transactionManager': Cannot resolve reference to bean 'sessionFactory' while setting bean property 'sessionFactory'; nested exception is org.springframework.beans.factory.BeanCreationException: Error creating bean with name 'sessionFactory': Invocation of init method failed; nested exception is org.hibernate.MappingException: Repeated column in mapping for entity: org.deadmoneypoker.domain.Result column: season_id (should be mapped with insert="false" update="false")
	at org.springframework.beans.factory.support.AbstractAutowireCapableBeanFactory.doCreateBean(AbstractAutowireCapableBeanFactory.java:547) ~[spring-beans-4.1.7.RELEASE.jar:4.1.7.RELEASE]
	at org.springframework.beans.factory.support.AbstractAutowireCapableBeanFactory.createBean(AbstractAutowireCapableBeanFactory.java:476) ~[spring-beans-4.1.7.RELEASE.jar:4.1.7.RELEASE]
	at org.springframework.beans.factory.support.AbstractBeanFactory$1.getObject(AbstractBeanFactory.java:303) ~[spring-beans-4.1.7.RELEASE.jar:4.1.7.RELEASE]
	at org.springframework.beans.factory.support.DefaultSingletonBeanRegistry.getSingleton(DefaultSingletonBeanRegistry.java:230) ~[spring-beans-4.1.7.RELEASE.jar:4.1.7.RELEASE]
	at org.springframework.beans.factory.support.AbstractBeanFactory.doGetBean(AbstractBeanFactory.java:299) ~[spring-beans-4.1.7.RELEASE.jar:4.1.7.RELEASE]
	at org.springframework.beans.factory.support.AbstractBeanFactory.getBean(AbstractBeanFactory.java:199) ~[spring-beans-4.1.7.RELEASE.jar:4.1.7.RELEASE]
	at org.springframework.context.support.PostProcessorRegistrationDelegate.registerBeanPostProcessors(PostProcessorRegistrationDelegate.java:199) ~[spring-context-4.1.7.RELEASE.jar:4.1.7.RELEASE]
	at org.springframework.context.support.AbstractApplicationContext.registerBeanPostProcessors(AbstractApplicationContext.java:615) ~[spring-context-4.1.7.RELEASE.jar:4.1.7.RELEASE]
	at org.springframework.context.support.AbstractApplicationContext.refresh(AbstractApplicationContext.java:465) ~[spring-context-4.1.7.RELEASE.jar:4.1.7.RELEASE]
	at org.springframework.boot.SpringApplication.refresh(SpringApplication.java:686) ~[spring-boot-1.2.5.RELEASE.jar:1.2.5.RELEASE]
	at org.springframework.boot.SpringApplication.run(SpringApplication.java:320) ~[spring-boot-1.2.5.RELEASE.jar:1.2.5.RELEASE]
	at grails.boot.GrailsApp.run(GrailsApp.groovy:52) [grails-core-3.0.4.jar:3.0.4]
	at grails.ui.console.GrailsSwingConsole.main(GrailsSwingConsole.groovy:90) [grails-console-3.0.4.jar:3.0.4]
Caused by: org.springframework.beans.factory.BeanCreationException: Error creating bean with name 'transactionManager': Cannot resolve reference to bean 'sessionFactory' while setting bean property 'sessionFactory'; nested exception is org.springframework.beans.factory.BeanCreationException: Error creating bean with name 'sessionFactory': Invocation of init method failed; nested exception is org.hibernate.MappingException: Repeated column in mapping for entity: org.deadmoneypoker.domain.Result column: season_id (should be mapped with insert="false" update="false")
	at org.springframework.beans.factory.support.BeanDefinitionValueResolver.resolveReference(BeanDefinitionValueResolver.java:359) ~[spring-beans-4.1.7.RELEASE.jar:4.1.7.RELEASE]
	at org.springframework.beans.factory.support.BeanDefinitionValueResolver.resolveValueIfNecessary(BeanDefinitionValueResolver.java:108) ~[spring-beans-4.1.7.RELEASE.jar:4.1.7.RELEASE]
	at org.springframework.beans.factory.support.AbstractAutowireCapableBeanFactory.applyPropertyValues(AbstractAutowireCapableBeanFactory.java:1477) ~[spring-beans-4.1.7.RELEASE.jar:4.1.7.RELEASE]
	at org.springframework.beans.factory.support.AbstractAutowireCapableBeanFactory.populateBean(AbstractAutowireCapableBeanFactory.java:1222) ~[spring-beans-4.1.7.RELEASE.jar:4.1.7.RELEASE]
	at org.springframework.beans.factory.support.AbstractAutowireCapableBeanFactory.doCreateBean(AbstractAutowireCapableBeanFactory.java:537) ~[spring-beans-4.1.7.RELEASE.jar:4.1.7.RELEASE]
	at org.springframework.beans.factory.support.AbstractAutowireCapableBeanFactory.createBean(AbstractAutowireCapableBeanFactory.java:476) ~[spring-beans-4.1.7.RELEASE.jar:4.1.7.RELEASE]
	at org.springframework.beans.factory.support.AbstractBeanFactory$1.getObject(AbstractBeanFactory.java:303) ~[spring-beans-4.1.7.RELEASE.jar:4.1.7.RELEASE]
	at org.springframework.beans.factory.support.DefaultSingletonBeanRegistry.getSingleton(DefaultSingletonBeanRegistry.java:230) ~[spring-beans-4.1.7.RELEASE.jar:4.1.7.RELEASE]
	at org.springframework.beans.factory.support.AbstractBeanFactory.doGetBean(AbstractBeanFactory.java:299) ~[spring-beans-4.1.7.RELEASE.jar:4.1.7.RELEASE]
	at org.springframework.beans.factory.support.AbstractBeanFactory.getBean(AbstractBeanFactory.java:199) ~[spring-beans-4.1.7.RELEASE.jar:4.1.7.RELEASE]
	at org.grails.transaction.TransactionManagerPostProcessor.initialize(TransactionManagerPostProcessor.java:75) ~[grails-core-3.0.4.jar:3.0.4]
	at org.grails.transaction.TransactionManagerPostProcessor.setBeanFactory(TransactionManagerPostProcessor.java:53) ~[grails-core-3.0.4.jar:3.0.4]
	at org.springframework.beans.factory.support.AbstractAutowireCapableBeanFactory.invokeAwareMethods(AbstractAutowireCapableBeanFactory.java:1593) ~[spring-beans-4.1.7.RELEASE.jar:4.1.7.RELEASE]
	at org.springframework.beans.factory.support.AbstractAutowireCapableBeanFactory.initializeBean(AbstractAutowireCapableBeanFactory.java:1561) ~[spring-beans-4.1.7.RELEASE.jar:4.1.7.RELEASE]
	at org.springframework.beans.factory.support.AbstractAutowireCapableBeanFactory.doCreateBean(AbstractAutowireCapableBeanFactory.java:539) ~[spring-beans-4.1.7.RELEASE.jar:4.1.7.RELEASE]
	... 12 common frames omitted
Caused by: org.springframework.beans.factory.BeanCreationException: Error creating bean with name 'sessionFactory': Invocation of init method failed; nested exception is org.hibernate.MappingException: Repeated column in mapping for entity: org.deadmoneypoker.domain.Result column: season_id (should be mapped with insert="false" update="false")
	at org.springframework.beans.factory.support.AbstractAutowireCapableBeanFactory.initializeBean(AbstractAutowireCapableBeanFactory.java:1574) ~[spring-beans-4.1.7.RELEASE.jar:4.1.7.RELEASE]
	at org.springframework.beans.factory.support.AbstractAutowireCapableBeanFactory.doCreateBean(AbstractAutowireCapableBeanFactory.java:539) ~[spring-beans-4.1.7.RELEASE.jar:4.1.7.RELEASE]
	at org.springframework.beans.factory.support.AbstractAutowireCapableBeanFactory.createBean(AbstractAutowireCapableBeanFactory.java:476) ~[spring-beans-4.1.7.RELEASE.jar:4.1.7.RELEASE]
	at org.springframework.beans.factory.support.AbstractBeanFactory$1.getObject(AbstractBeanFactory.java:303) ~[spring-beans-4.1.7.RELEASE.jar:4.1.7.RELEASE]
	at org.springframework.beans.factory.support.DefaultSingletonBeanRegistry.getSingleton(DefaultSingletonBeanRegistry.java:230) ~[spring-beans-4.1.7.RELEASE.jar:4.1.7.RELEASE]
	at org.springframework.beans.factory.support.AbstractBeanFactory.doGetBean(AbstractBeanFactory.java:299) ~[spring-beans-4.1.7.RELEASE.jar:4.1.7.RELEASE]
	at org.springframework.beans.factory.support.AbstractBeanFactory.getBean(AbstractBeanFactory.java:194) ~[spring-beans-4.1.7.RELEASE.jar:4.1.7.RELEASE]
	at org.springframework.beans.factory.support.BeanDefinitionValueResolver.resolveReference(BeanDefinitionValueResolver.java:351) ~[spring-beans-4.1.7.RELEASE.jar:4.1.7.RELEASE]
	... 26 common frames omitted
Caused by: org.hibernate.MappingException: Repeated column in mapping for entity: org.deadmoneypoker.domain.Result column: season_id (should be mapped with insert="false" update="false")
	at org.hibernate.mapping.PersistentClass.checkColumnDuplication(PersistentClass.java:709) ~[hibernate-core-4.3.10.Final.jar:4.3.10.Final]
	at org.hibernate.mapping.PersistentClass.checkPropertyColumnDuplication(PersistentClass.java:731) ~[hibernate-core-4.3.10.Final.jar:4.3.10.Final]
	at org.hibernate.mapping.PersistentClass.checkColumnDuplication(PersistentClass.java:753) ~[hibernate-core-4.3.10.Final.jar:4.3.10.Final]
	at org.hibernate.mapping.PersistentClass.validate(PersistentClass.java:506) ~[hibernate-core-4.3.10.Final.jar:4.3.10.Final]
	at org.hibernate.mapping.RootClass.validate(RootClass.java:270) ~[hibernate-core-4.3.10.Final.jar:4.3.10.Final]
	at org.hibernate.cfg.Configuration.validate(Configuration.java:1360) ~[hibernate-core-4.3.10.Final.jar:4.3.10.Final]
	at org.hibernate.cfg.Configuration.buildSessionFactory(Configuration.java:1851) ~[hibernate-core-4.3.10.Final.jar:4.3.10.Final]
	at org.grails.orm.hibernate.cfg.GrailsAnnotationConfiguration.buildSessionFactory(GrailsAnnotationConfiguration.java:390) ~[grails-datastore-gorm-hibernate4-4.0.4.RELEASE.jar:na]
	at org.grails.orm.hibernate.ConfigurableLocalSessionFactoryBean.doBuildSessionFactory(ConfigurableLocalSessionFactoryBean.java:479) ~[grails-datastore-gorm-hibernate4-4.0.4.RELEASE.jar:na]
	at org.grails.orm.hibernate.ConfigurableLocalSessionFactoryBean.buildSessionFactory(ConfigurableLocalSessionFactoryBean.java:473) ~[grails-datastore-gorm-hibernate4-4.0.4.RELEASE.jar:na]
	at org.grails.orm.hibernate.ConfigurableLocalSessionFactoryBean.afterPropertiesSet(ConfigurableLocalSessionFactoryBean.java:387) ~[grails-datastore-gorm-hibernate4-4.0.4.RELEASE.jar:na]
	at org.springframework.beans.factory.support.AbstractAutowireCapableBeanFactory.invokeInitMethods(AbstractAutowireCapableBeanFactory.java:1633) ~[spring-beans-4.1.7.RELEASE.jar:4.1.7.RELEASE]
	at org.springframework.beans.factory.support.AbstractAutowireCapableBeanFactory.initializeBean(AbstractAutowireCapableBeanFactory.java:1570) ~[spring-beans-4.1.7.RELEASE.jar:4.1.7.RELEASE]
	... 33 common frames omitted
Error |
Error occurred running Grails CLI: Process 'command 'C:\Program Files\Java\jdk1.8.0_40\bin\java.exe'' finished with non-zero exit value 1 (Use --stacktrace to see the full trace)
